<?xml version="1.0" encoding="UTF-8"?>
<!-- Generated by org.testng.reporters.JUnitReportReporter -->
<testsuite hostname="LAPTOP-T0A910F2" failures="0" tests="3" name="tests.GoogleTest" time="144.217" errors="0" timestamp="2026-03-17T11:27:21 GMT" skipped="0">
  <testcase classname="tests.GoogleTest" name="searchTest" time="48.272"/>
  <testcase classname="tests.GoogleTest" name="searchTest" time="50.075"/>
  <testcase classname="tests.GoogleTest" name="searchTest" time="45.870"/>
</testsuite> <!-- tests.GoogleTest -->
