<?xml version="1.0" encoding="UTF-8"?>
<testng-results ignored="0" total="3" passed="3" failed="0" skipped="0">
  <reporter-output>
  </reporter-output>
  <suite started-at="2026-03-17T11:24:56 GMT" name="CrossBrowserSuite" finished-at="2026-03-17T11:27:21 GMT" duration-ms="144369">
    <groups>
    </groups>
    <test started-at="2026-03-17T11:24:56 GMT" name="ChromeTest" finished-at="2026-03-17T11:25:45 GMT" duration-ms="48373">
      <class name="tests.GoogleTest">
        <test-method is-config="true" signature="setup(java.lang.String)[pri:0, instance:tests.GoogleTest@55b699ef]" started-at="2026-03-17T11:24:57 GMT" name="setup" finished-at="2026-03-17T11:25:01 GMT" duration-ms="4304" status="PASS">
          <params>
            <param index="0">
              <value>
                <![CDATA[chrome]]>
              </value>
            </param>
          </params>
          <reporter-output>
          </reporter-output>
        </test-method> <!-- setup -->
        <test-method signature="searchTest()[pri:0, instance:tests.GoogleTest@55b699ef]" started-at="2026-03-17T11:25:01 GMT" name="searchTest" finished-at="2026-03-17T11:25:44 GMT" duration-ms="43618" status="PASS">
          <reporter-output>
          </reporter-output>
        </test-method> <!-- searchTest -->
        <test-method is-config="true" signature="tearDown()[pri:0, instance:tests.GoogleTest@55b699ef]" started-at="2026-03-17T11:25:45 GMT" name="tearDown" finished-at="2026-03-17T11:25:45 GMT" duration-ms="350" status="PASS">
          <reporter-output>
          </reporter-output>
        </test-method> <!-- tearDown -->
      </class> <!-- tests.GoogleTest -->
    </test> <!-- ChromeTest -->
    <test started-at="2026-03-17T11:25:45 GMT" name="FirefoxTest" finished-at="2026-03-17T11:26:35 GMT" duration-ms="50083">
      <class name="tests.GoogleTest">
        <test-method is-config="true" signature="setup(java.lang.String)[pri:0, instance:tests.GoogleTest@139982de]" started-at="2026-03-17T11:25:45 GMT" name="setup" finished-at="2026-03-17T11:25:50 GMT" duration-ms="5048" status="PASS">
          <params>
            <param index="0">
              <value>
                <![CDATA[firefox]]>
              </value>
            </param>
          </params>
          <reporter-output>
          </reporter-output>
        </test-method> <!-- setup -->
        <test-method signature="searchTest()[pri:0, instance:tests.GoogleTest@139982de]" started-at="2026-03-17T11:25:50 GMT" name="searchTest" finished-at="2026-03-17T11:26:34 GMT" duration-ms="43901" status="PASS">
          <reporter-output>
          </reporter-output>
        </test-method> <!-- searchTest -->
        <test-method is-config="true" signature="tearDown()[pri:0, instance:tests.GoogleTest@139982de]" started-at="2026-03-17T11:26:34 GMT" name="tearDown" finished-at="2026-03-17T11:26:35 GMT" duration-ms="1126" status="PASS">
          <reporter-output>
          </reporter-output>
        </test-method> <!-- tearDown -->
      </class> <!-- tests.GoogleTest -->
    </test> <!-- FirefoxTest -->
    <test started-at="2026-03-17T11:26:35 GMT" name="EdgeTest" finished-at="2026-03-17T11:27:21 GMT" duration-ms="45871">
      <class name="tests.GoogleTest">
        <test-method is-config="true" signature="setup(java.lang.String)[pri:0, instance:tests.GoogleTest@217ed35e]" started-at="2026-03-17T11:26:35 GMT" name="setup" finished-at="2026-03-17T11:26:37 GMT" duration-ms="1669" status="PASS">
          <params>
            <param index="0">
              <value>
                <![CDATA[edge]]>
              </value>
            </param>
          </params>
          <reporter-output>
          </reporter-output>
        </test-method> <!-- setup -->
        <test-method signature="searchTest()[pri:0, instance:tests.GoogleTest@217ed35e]" started-at="2026-03-17T11:26:37 GMT" name="searchTest" finished-at="2026-03-17T11:27:20 GMT" duration-ms="43824" status="PASS">
          <reporter-output>
          </reporter-output>
        </test-method> <!-- searchTest -->
        <test-method is-config="true" signature="tearDown()[pri:0, instance:tests.GoogleTest@217ed35e]" started-at="2026-03-17T11:27:20 GMT" name="tearDown" finished-at="2026-03-17T11:27:21 GMT" duration-ms="377" status="PASS">
          <reporter-output>
          </reporter-output>
        </test-method> <!-- tearDown -->
      </class> <!-- tests.GoogleTest -->
    </test> <!-- EdgeTest -->
  </suite> <!-- CrossBrowserSuite -->
</testng-results>
